#
# A fatal error has been detected by the Java Runtime Environment:
#
#  EXCEPTION_ACCESS_VIOLATION (0xc0000005) at pc=0x00007ffdf98ea19f, pid=16956, tid=1556
#
# JRE version: OpenJDK Runtime Environment AdoptOpenJDK (11.0.10+9) (build 11.0.10+9)
# Java VM: OpenJDK 64-Bit Server VM AdoptOpenJDK (11.0.10+9, mixed mode, tiered, compressed oops, parallel gc, windows-amd64)
# Problematic frame:
# V  [jvm.dll+0x36a19f]
#
# No core dump will be written. Minidumps are not enabled by default on client versions of Windows
#
# If you would like to submit a bug report, please visit:
#   https://github.com/AdoptOpenJDK/openjdk-support/issues
#

---------------  S U M M A R Y ------------

Command Line: --add-modules=ALL-SYSTEM --add-opens=java.base/java.util=ALL-UNNAMED --add-opens=java.base/java.lang=ALL-UNNAMED -Declipse.application=org.eclipse.jdt.ls.core.id1 -Dosgi.bundles.defaultStartLevel=4 -Declipse.product=org.eclipse.jdt.ls.core.product -Dfile.encoding=utf8 -DwatchParentProcess=false -XX:+UseParallelGC -XX:GCTimeRatio=4 -XX:AdaptiveSizePolicyWeight=90 -Dsun.zip.disableMemoryMapping=true -Xmx1G -Xms100m -javaagent:c:\Users\chhay\.vscode\extensions\gabrielbb.vscode-lombok-1.0.1\server\lombok.jar -Xverify:none c:\Users\chhay\.vscode\extensions\redhat.java-0.79.2\server\plugins\org.eclipse.equinox.launcher_1.6.100.v20201223-0822.jar -configuration c:\Users\chhay\AppData\Roaming\Code\User\globalStorage\redhat.java\0.79.2\config_ss_win -data c:\Users\chhay\AppData\Roaming\Code\User\workspaceStorage\e90dd5b51b8f841f595a6d555e72bb6f\redhat.java\ss_ws

Host: Intel(R) Core(TM) i7-4720HQ CPU @ 2.60GHz, 8 cores, 11G,  Windows 10 , 64 bit Build 21390 (10.0.21390.1)
Time: Mon Jun 28 10:49:24 2021 SE Asia Standard Time elapsed time: 5.992050 seconds (0d 0h 0m 5s)

---------------  T H R E A D  ---------------

Current thread (0x0000022e39fc5800):  JavaThread "pool-1-thread-1" [_thread_in_vm, id=1556, stack(0x00000080b6800000,0x00000080b6900000)]

Stack: [0x00000080b6800000,0x00000080b6900000],  sp=0x00000080b68fd150,  free space=1012k
Native frames: (J=compiled Java code, j=interpreted, Vv=VM code, C=native code)
V  [jvm.dll+0x36a19f]
C  0x0000022e2487d96d

Java frames: (J=compiled Java code, j=interpreted, Vv=VM code)
j  org.eclipse.jdt.internal.compiler.parser.Scanner.getNextToken0()I+93
j  org.eclipse.jdt.internal.compiler.parser.Scanner.getNextToken()I+47
j  org.eclipse.jdt.internal.compiler.parser.Parser.parse()V+332
j  org.eclipse.jdt.internal.compiler.parser.Parser.parse(Lorg/eclipse/jdt/internal/compiler/env/ICompilationUnit;Lorg/eclipse/jdt/internal/compiler/CompilationResult;II)Lorg/eclipse/jdt/internal/compiler/ast/CompilationUnitDeclaration;+178
j  org.eclipse.jdt.internal.compiler.parser.Parser.parse(Lorg/eclipse/jdt/internal/compiler/env/ICompilationUnit;Lorg/eclipse/jdt/internal/compiler/CompilationResult;)Lorg/eclipse/jdt/internal/compiler/ast/CompilationUnitDeclaration;+5
j  org.eclipse.jdt.internal.compiler.SourceElementParser.parseCompilationUnit(Lorg/eclipse/jdt/internal/compiler/env/ICompilationUnit;ZLorg/eclipse/core/runtime/IProgressMonitor;)Lorg/eclipse/jdt/internal/compiler/ast/CompilationUnitDeclaration;+53
j  org.eclipse.jdt.internal.core.CompilationUnit.buildStructure(Lorg/eclipse/jdt/internal/core/OpenableElementInfo;Lorg/eclipse/core/runtime/IProgressMonitor;Ljava/util/Map;Lorg/eclipse/core/resources/IResource;)Z+523
J 3344 c1 org.eclipse.jdt.internal.core.Openable.generateInfos(Ljava/lang/Object;Ljava/util/HashMap;Lorg/eclipse/core/runtime/IProgressMonitor;)V (281 bytes) @ 0x0000022e2550a8bc [0x0000022e255092a0+0x000000000000161c]
J 3353 c1 org.eclipse.jdt.internal.core.JavaElement.openWhenClosed(Ljava/lang/Object;ZLorg/eclipse/core/runtime/IProgressMonitor;)Ljava/lang/Object; (169 bytes) @ 0x0000022e2551cf74 [0x0000022e2551c8c0+0x00000000000006b4]
j  org.eclipse.jdt.internal.core.BecomeWorkingCopyOperation.executeOperation()V+29
j  org.eclipse.jdt.internal.core.JavaModelOperation.run(Lorg/eclipse/core/runtime/IProgressMonitor;)V+55
j  org.eclipse.jdt.internal.core.JavaModelOperation.runOperation(Lorg/eclipse/core/runtime/IProgressMonitor;)V+32
j  org.eclipse.jdt.internal.core.CompilationUnit.becomeWorkingCopy(Lorg/eclipse/jdt/core/IProblemRequestor;Lorg/eclipse/core/runtime/IProgressMonitor;)V+37
j  org.eclipse.jdt.internal.core.CompilationUnit.becomeWorkingCopy(Lorg/eclipse/core/runtime/IProgressMonitor;)V+23
j  org.eclipse.jdt.ls.core.internal.handlers.BaseDocumentLifeCycleHandler.handleOpen(Lorg/eclipse/lsp4j/DidOpenTextDocumentParams;)Lorg/eclipse/jdt/core/ICompilationUnit;+144
j  org.eclipse.jdt.ls.core.internal.handlers.BaseDocumentLifeCycleHandler$5.run(Lorg/eclipse/core/runtime/IProgressMonitor;)V+8
j  org.eclipse.core.internal.resources.Workspace.run(Lorg/eclipse/core/runtime/ICoreRunnable;Lorg/eclipse/core/runtime/jobs/ISchedulingRule;ILorg/eclipse/core/runtime/IProgressMonitor;)V+69
j  org.eclipse.core.internal.resources.Workspace.run(Lorg/eclipse/core/resources/IWorkspaceRunnable;Lorg/eclipse/core/runtime/jobs/ISchedulingRule;ILorg/eclipse/core/runtime/IProgressMonitor;)V+6
j  org.eclipse.jdt.ls.core.internal.handlers.BaseDocumentLifeCycleHandler.didOpen(Lorg/eclipse/lsp4j/DidOpenTextDocumentParams;)V+32
j  org.eclipse.jdt.ls.core.internal.syntaxserver.SyntaxLanguageServer.didOpen(Lorg/eclipse/lsp4j/DidOpenTextDocumentParams;)V+11
v  ~StubRoutines::call_stub
j  jdk.internal.reflect.NativeMethodAccessorImpl.invoke0(Ljava/lang/reflect/Method;Ljava/lang/Object;[Ljava/lang/Object;)Ljava/lang/Object;+0 java.base@11.0.10
j  jdk.internal.reflect.NativeMethodAccessorImpl.invoke(Ljava/lang/Object;[Ljava/lang/Object;)Ljava/lang/Object;+100 java.base@11.0.10
J 1115 c1 jdk.internal.reflect.DelegatingMethodAccessorImpl.invoke(Ljava/lang/Object;[Ljava/lang/Object;)Ljava/lang/Object; java.base@11.0.10 (10 bytes) @ 0x0000022e24fdafbc [0x0000022e24fdaec0+0x00000000000000fc]
J 1114 c1 java.lang.reflect.Method.invoke(Ljava/lang/Object;[Ljava/lang/Object;)Ljava/lang/Object; java.base@11.0.10 (65 bytes) @ 0x0000022e24fda2cc [0x0000022e24fd9fa0+0x000000000000032c]
j  org.eclipse.lsp4j.jsonrpc.services.GenericEndpoint.lambda$null$0(Lorg/eclipse/lsp4j/jsonrpc/services/AnnotationUtil$MethodInfo;Ljava/lang/Object;Ljava/lang/Object;)Ljava/util/concurrent/CompletableFuture;+20
j  org.eclipse.lsp4j.jsonrpc.services.GenericEndpoint$$Lambda$128.apply(Ljava/lang/Object;)Ljava/lang/Object;+13
j  org.eclipse.lsp4j.jsonrpc.services.GenericEndpoint.notify(Ljava/lang/String;Ljava/lang/Object;)V+18
j  org.eclipse.lsp4j.jsonrpc.RemoteEndpoint.handleNotification(Lorg/eclipse/lsp4j/jsonrpc/messages/NotificationMessage;)V+20
j  org.eclipse.lsp4j.jsonrpc.RemoteEndpoint.consume(Lorg/eclipse/lsp4j/jsonrpc/messages/Message;)V+14
j  org.eclipse.lsp4j.jsonrpc.json.StreamMessageProducer.handleMessage(Ljava/io/InputStream;Lorg/eclipse/lsp4j/jsonrpc/json/StreamMessageProducer$Headers;)Z+99
j  org.eclipse.lsp4j.jsonrpc.json.StreamMessageProducer.listen(Lorg/eclipse/lsp4j/jsonrpc/MessageConsumer;)V+158
j  org.eclipse.lsp4j.jsonrpc.json.ConcurrentMessageProcessor.run()V+12
j  java.util.concurrent.Executors$RunnableAdapter.call()Ljava/lang/Object;+4 java.base@11.0.10
j  java.util.concurrent.FutureTask.run()V+39 java.base@11.0.10
j  java.util.concurrent.ThreadPoolExecutor.runWorker(Ljava/util/concurrent/ThreadPoolExecutor$Worker;)V+92 java.base@11.0.10
j  java.util.concurrent.ThreadPoolExecutor$Worker.run()V+5 java.base@11.0.10
j  java.lang.Thread.run()V+11 java.base@11.0.10
v  ~StubRoutines::call_stub

siginfo: EXCEPTION_ACCESS_VIOLATION (0xc0000005), reading address 0x00000000ec2a983c


Register to memory mapping:

RIP=0x00007ffdf98ea19f jvm.dll
RAX=0x000000000000000c is an unknown value
RBX=0x00000000000004c2 is an unknown value
RCX=0x00000080b68fd180 is pointing into the stack for thread: 0x0000022e39fc5800
RDX=0x00007ffdf9dd8698 jvm.dll
RSP=0x00000080b68fd150 is pointing into the stack for thread: 0x0000022e39fc5800
RBP=0x0000022e399f37d0 points into unknown readable memory: 0x0000000000000000 | 00 00 00 00 00 00 00 00
RSI=0x0000022e39fece50 points into unknown readable memory: 0x696c636500000002 | 02 00 00 00 65 63 6c 69
RDI=0x0000022e39fc5800 is a thread
R8 =0x00000000000004c2 is an unknown value
R9 =0x000000000000000e is an unknown value
R10=0x0 is NULL
R11=0x8fc0000000000002 is an unknown value
R12=0x00000000ec2a9830 is an unallocated location in the heap
R13=0x00000000000003d8 is an unknown value
R14=0x0000022e399f37e0 points into unknown readable memory: 0x0000022e3955bfe4 | e4 bf 55 39 2e 02 00 00
R15=0x0000022e399f3bb8 points into unknown readable memory: 0x80000b07c60ddc0c | 0c dc 0d c6 07 0b 00 80


Registers:
RAX=0x000000000000000c, RBX=0x00000000000004c2, RCX=0x00000080b68fd180, RDX=0x00007ffdf9dd8698
RSP=0x00000080b68fd150, RBP=0x0000022e399f37d0, RSI=0x0000022e39fece50, RDI=0x0000022e39fc5800
R8 =0x00000000000004c2, R9 =0x000000000000000e, R10=0x0000000000000000, R11=0x8fc0000000000002
R12=0x00000000ec2a9830, R13=0x00000000000003d8, R14=0x0000022e399f37e0, R15=0x0000022e399f3bb8
RIP=0x00007ffdf98ea19f, EFLAGS=0x0000000000010202

Top of Stack: (sp=0x00000080b68fd150)
0x00000080b68fd150:   00000000000004c2 00000000000004c2
0x00000080b68fd160:   000000000000000a 0000022e39fc5800
0x00000080b68fd170:   0000000000000001 00007ffdf9b1ac5a
0x00000080b68fd180:   00007ffdf9e4a570 0000005000000000
0x00000080b68fd190:   0000000000000000 0000000000000000
0x00000080b68fd1a0:   0000000000000000 0000000000000000
0x00000080b68fd1b0:   0000000000000000 0000022e3a1667d0
0x00000080b68fd1c0:   0000000000000000 0000000000000100
0x00000080b68fd1d0:   0000022e443f6600 00000080b68fd230
0x00000080b68fd1e0:   0000022e39fc5800 00000080b68fd300
0x00000080b68fd1f0:   0000022e443f2865 0000000000000000
0x00000080b68fd200:   0000000000000002 0000022e2487d96d
0x00000080b68fd210:   0000022e39fc5800 00000000000004c2
0x00000080b68fd220:   00000080b68fd280 000000000000000a
0x00000080b68fd230:   0000022e2487d911 00000080b68fd238
0x00000080b68fd240:   0000022e443f2865 00000080b68fd300 

Instructions: (pc=0x00007ffdf98ea19f)
0x00007ffdf98ea09f:   4c 24 78 44 8d 42 02 e8 35 27 e1 ff 83 bb b0 03
0x00007ffdf98ea0af:   00 00 00 75 1a 8b 83 d8 00 00 00 c1 e8 1d a8 01
0x00007ffdf98ea0bf:   75 0d 8b 83 d8 00 00 00 c1 e8 02 a8 01 74 0a b2
0x00007ffdf98ea0cf:   01 48 8b cb e8 a8 27 3d 00 48 8b 9c 24 80 00 00
0x00007ffdf98ea0df:   00 48 83 c4 40 41 5f 41 5e 5f 5e 5d c3 cc cc cc
0x00007ffdf98ea0ef:   cc 48 8b c4 57 48 81 ec b0 00 00 00 48 89 58 10
0x00007ffdf98ea0ff:   48 8b f9 48 89 70 20 41 8b d8 4c 89 60 f0 4c 8b
0x00007ffdf98ea10f:   c1 4c 8b e2 48 89 48 08 ba 03 00 00 00 c7 81 c0
0x00007ffdf98ea11f:   03 00 00 06 00 00 00 e8 55 da ff ff 48 83 7f 08
0x00007ffdf98ea12f:   00 0f 85 f0 00 00 00 48 8b b7 78 02 00 00 48 8d
0x00007ffdf98ea13f:   4c 24 30 48 89 ac 24 d0 00 00 00 ba 00 01 00 00
0x00007ffdf98ea14f:   4c 89 ac 24 a0 00 00 00 4c 89 b4 24 98 00 00 00
0x00007ffdf98ea15f:   48 8b 6e 10 4c 8b 76 18 4c 8b 6e 28 4c 89 bc 24
0x00007ffdf98ea16f:   90 00 00 00 4c 8b 7e 20 e8 84 9e 28 00 80 3d de
0x00007ffdf98ea17f:   4f 70 00 00 48 8d 15 0e e5 4e 00 b9 0c 00 00 00
0x00007ffdf98ea18f:   b8 10 00 00 00 0f 45 c1 44 8b c3 48 8d 4c 24 30
0x00007ffdf98ea19f:   46 8b 0c 20 e8 18 b5 28 00 48 8b 1d 49 c3 73 00
0x00007ffdf98ea1af:   48 8d 4c 24 30 e8 e7 a5 28 00 4c 8b cb 48 89 44
0x00007ffdf98ea1bf:   24 20 41 b8 bc 01 00 00 48 8d 15 72 4d 52 00 48
0x00007ffdf98ea1cf:   8b cf e8 2a 87 f5 ff 48 8d 4c 24 30 e8 60 9f 28
0x00007ffdf98ea1df:   00 48 83 7d 00 00 74 13 49 8b d5 48 8b ce e8 6e
0x00007ffdf98ea1ef:   4e d5 ff 48 8b cd e8 d6 4d d5 ff 4c 8b ac 24 a0
0x00007ffdf98ea1ff:   00 00 00 48 89 6e 10 48 8b ac 24 d0 00 00 00 4c
0x00007ffdf98ea20f:   89 76 18 4c 8b b4 24 98 00 00 00 4c 89 7e 20 4c
0x00007ffdf98ea21f:   8b bc 24 90 00 00 00 48 8b 9f f0 00 00 00 4c 8b
0x00007ffdf98ea22f:   a4 24 a8 00 00 00 48 8b 43 10 48 8b 73 08 48 83
0x00007ffdf98ea23f:   38 00 74 19 48 8b 53 28 48 8b ce e8 11 4e d5 ff
0x00007ffdf98ea24f:   48 8b 4b 10 e8 78 4d d5 ff 48 8b 43 10 48 89 46
0x00007ffdf98ea25f:   10 48 8b 43 18 48 89 46 18 48 8b 43 20 48 8b 9c
0x00007ffdf98ea26f:   24 c8 00 00 00 48 89 46 20 83 bf 08 04 00 00 02
0x00007ffdf98ea27f:   48 8b b4 24 d8 00 00 00 75 08 48 8b cf e8 af 1a
0x00007ffdf98ea28f:   3d 00 ba 06 00 00 00 48 8d 8c 24 c0 00 00 00 44 


Stack slot to memory mapping:
stack at sp + 0 slots: 0x00000000000004c2 is an unknown value
stack at sp + 1 slots: 0x00000000000004c2 is an unknown value
stack at sp + 2 slots: 0x000000000000000a is an unknown value
stack at sp + 3 slots: 0x0000022e39fc5800 is a thread
stack at sp + 4 slots: 0x0000000000000001 is an unknown value
stack at sp + 5 slots: 0x00007ffdf9b1ac5a jvm.dll
stack at sp + 6 slots: 0x00007ffdf9e4a570 jvm.dll
stack at sp + 7 slots: 0x0000005000000000 is an unknown value


---------------  P R O C E S S  ---------------

Threads class SMR info:
_java_thread_list=0x0000022e39f7c360, length=20, elements={
0x0000022e1a9a3800, 0x0000022e369bd800, 0x0000022e369c7000, 0x0000022e37a64800,
0x0000022e37a65800, 0x0000022e369dd800, 0x0000022e37a18800, 0x0000022e37a1a800,
0x0000022e37a1d000, 0x0000022e37bb6800, 0x0000022e38ecc000, 0x0000022e395d5000,
0x0000022e39b64800, 0x0000022e394af000, 0x0000022e39340800, 0x0000022e39a0a000,
0x0000022e39c48000, 0x0000022e39c42800, 0x0000022e1a6d1800, 0x0000022e39fc5800
}

Java Threads: ( => current thread )
  0x0000022e1a9a3800 JavaThread "main" [_thread_blocked, id=12692, stack(0x00000080b4a00000,0x00000080b4b00000)]
  0x0000022e369bd800 JavaThread "Reference Handler" daemon [_thread_blocked, id=1760, stack(0x00000080b4d00000,0x00000080b4e00000)]
  0x0000022e369c7000 JavaThread "Finalizer" daemon [_thread_blocked, id=13340, stack(0x00000080b4e00000,0x00000080b4f00000)]
  0x0000022e37a64800 JavaThread "Signal Dispatcher" daemon [_thread_blocked, id=13404, stack(0x00000080b4f00000,0x00000080b5000000)]
  0x0000022e37a65800 JavaThread "Attach Listener" daemon [_thread_blocked, id=18452, stack(0x00000080b5000000,0x00000080b5100000)]
  0x0000022e369dd800 JavaThread "Service Thread" daemon [_thread_blocked, id=1972, stack(0x00000080b5100000,0x00000080b5200000)]
  0x0000022e37a18800 JavaThread "C2 CompilerThread0" daemon [_thread_in_native, id=20688, stack(0x00000080b5200000,0x00000080b5300000)]
  0x0000022e37a1a800 JavaThread "C1 CompilerThread0" daemon [_thread_blocked, id=3028, stack(0x00000080b5300000,0x00000080b5400000)]
  0x0000022e37a1d000 JavaThread "Sweeper thread" daemon [_thread_blocked, id=16908, stack(0x00000080b5400000,0x00000080b5500000)]
  0x0000022e37bb6800 JavaThread "Common-Cleaner" daemon [_thread_blocked, id=14396, stack(0x00000080b5500000,0x00000080b5600000)]
  0x0000022e38ecc000 JavaThread "Active Thread: Equinox Container: b546e5b8-1db1-4a7b-a3d6-37bb0e83afb3" [_thread_blocked, id=19804, stack(0x00000080b5800000,0x00000080b5900000)]
  0x0000022e395d5000 JavaThread "Framework Event Dispatcher: Equinox Container: b546e5b8-1db1-4a7b-a3d6-37bb0e83afb3" daemon [_thread_blocked, id=6708, stack(0x00000080b5a00000,0x00000080b5b00000)]
  0x0000022e39b64800 JavaThread "Start Level: Equinox Container: b546e5b8-1db1-4a7b-a3d6-37bb0e83afb3" daemon [_thread_blocked, id=12444, stack(0x00000080b5b00000,0x00000080b5c00000)]
  0x0000022e394af000 JavaThread "SCR Component Actor" daemon [_thread_blocked, id=9888, stack(0x00000080b5e00000,0x00000080b5f00000)]
  0x0000022e39340800 JavaThread "Timer-0" daemon [_thread_blocked, id=11136, stack(0x00000080b5f00000,0x00000080b6000000)]
  0x0000022e39a0a000 JavaThread "Worker-JM" [_thread_blocked, id=20704, stack(0x00000080b5600000,0x00000080b5700000)]
  0x0000022e39c48000 JavaThread "Worker-0" [_thread_blocked, id=14192, stack(0x00000080b6300000,0x00000080b6400000)]
  0x0000022e39c42800 JavaThread "Worker-1: Refreshing workspace" [_thread_blocked, id=15288, stack(0x00000080b6400000,0x00000080b6500000)]
  0x0000022e1a6d1800 JavaThread "C2 CompilerThread1" daemon [_thread_blocked, id=19808, stack(0x00000080b6600000,0x00000080b6700000)]
=>0x0000022e39fc5800 JavaThread "pool-1-thread-1" [_thread_in_vm, id=1556, stack(0x00000080b6800000,0x00000080b6900000)]

Other Threads:
  0x0000022e1aa71000 VMThread "VM Thread" [stack: 0x00000080b4c00000,0x00000080b4d00000] [id=10964]
  0x0000022e37d88800 WatcherThread [stack: 0x00000080b5700000,0x00000080b5800000] [id=18144]
  0x0000022e1a9bc800 GCTaskThread "ParGC Thread#0" [stack: 0x00000080b4b00000,0x00000080b4c00000] [id=15828]
  0x0000022e38d72800 GCTaskThread "ParGC Thread#1" [stack: 0x00000080b5900000,0x00000080b5a00000] [id=14716]
  0x0000022e3977c800 GCTaskThread "ParGC Thread#2" [stack: 0x00000080b5c00000,0x00000080b5d00000] [id=9588]
  0x0000022e39364000 GCTaskThread "ParGC Thread#3" [stack: 0x00000080b5d00000,0x00000080b5e00000] [id=16700]
  0x0000022e39a4e000 GCTaskThread "ParGC Thread#4" [stack: 0x00000080b6000000,0x00000080b6100000] [id=13500]
  0x0000022e39a4e800 GCTaskThread "ParGC Thread#5" [stack: 0x00000080b6100000,0x00000080b6200000] [id=6656]
  0x0000022e39cb3800 GCTaskThread "ParGC Thread#6" [stack: 0x00000080b6200000,0x00000080b6300000] [id=20556]
  0x0000022e39ca0000 GCTaskThread "ParGC Thread#7" [stack: 0x00000080b6500000,0x00000080b6600000] [id=14864]

Threads with active compile tasks:
C2 CompilerThread0   6305 3510       4       org.objectweb.asm.ClassReader::readMethod (1052 bytes)

VM state:not at safepoint (normal execution)

VM Mutex/Monitor currently owned by a thread: None

Heap address: 0x00000000c0000000, size: 1024 MB, Compressed Oops mode: 32-bit
Narrow klass base: 0x0000000000000000, Narrow klass shift: 3
Compressed class space size: 1073741824 Address: 0x0000000100000000

Heap:
 PSYoungGen      total 22016K, used 51K [0x00000000eab00000, 0x00000000ec280000, 0x0000000100000000)
  eden space 20480K, 0% used [0x00000000eab00000,0x00000000eab0cce8,0x00000000ebf00000)
  from space 1536K, 0% used [0x00000000ec000000,0x00000000ec000000,0x00000000ec180000)
  to   space 512K, 0% used [0x00000000ec200000,0x00000000ec200000,0x00000000ec280000)
 ParOldGen       total 68608K, used 25040K [0x00000000c0000000, 0x00000000c4300000, 0x00000000eab00000)
  object space 68608K, 36% used [0x00000000c0000000,0x00000000c18741d0,0x00000000c4300000)
 Metaspace       used 33629K, capacity 35370K, committed 35496K, reserved 1081344K
  class space    used 3159K, capacity 3814K, committed 3840K, reserved 1048576K

Card table byte_map: [0x0000022e33a50000,0x0000022e33c60000] _byte_map_base: 0x0000022e33450000

Marking Bits: (ParMarkBitMap*) 0x00007ffdfa0070c0
 Begin Bits: [0x0000022e33dc0000, 0x0000022e34dc0000)
 End Bits:   [0x0000022e34dc0000, 0x0000022e35dc0000)

Polling page: 0x0000022e1aa80000

Metaspace:

Usage:
  Non-class:     30.82 MB capacity,    29.76 MB ( 97%) used,  1019.73 KB (  3%) free+waste,    66.31 KB ( <1%) overhead. 
      Class:      3.72 MB capacity,     3.09 MB ( 83%) used,   623.32 KB ( 16%) free+waste,    31.19 KB ( <1%) overhead. 
       Both:     34.54 MB capacity,    32.84 MB ( 95%) used,     1.60 MB (  5%) free+waste,    97.50 KB ( <1%) overhead. 

Virtual space:
  Non-class space:       32.00 MB reserved,      30.91 MB ( 97%) committed 
      Class space:        1.00 GB reserved,       3.75 MB ( <1%) committed 
             Both:        1.03 GB reserved,      34.66 MB (  3%) committed 

Chunk freelists:
   Non-Class:  60.00 KB
       Class:  26.00 KB
        Both:  86.00 KB

MaxMetaspaceSize: 17179869184.00 GB
CompressedClassSpaceSize: 1.00 GB

CodeHeap 'non-profiled nmethods': size=120000Kb used=1793Kb max_used=1793Kb free=118206Kb
 bounds [0x0000022e2c340000, 0x0000022e2c5b0000, 0x0000022e33870000]
CodeHeap 'profiled nmethods': size=120000Kb used=7795Kb max_used=7795Kb free=112204Kb
 bounds [0x0000022e24e10000, 0x0000022e255b0000, 0x0000022e2c340000]
CodeHeap 'non-nmethods': size=5760Kb used=1188Kb max_used=1230Kb free=4571Kb
 bounds [0x0000022e24870000, 0x0000022e24ae0000, 0x0000022e24e10000]
 total_blobs=4070 nmethods=3525 adapters=458
 compilation: enabled
              stopped_count=0, restarted_count=0
 full_count=0

Compilation events (20 events):
Event: 5.671 Thread 0x0000022e1a6d1800 3527       4       lombok.patcher.PatchScript$MethodPatcher::visitMethod (158 bytes)
Event: 5.671 Thread 0x0000022e37a1a800 nmethod 3521 0x0000022e25594890 code [0x0000022e25594a60, 0x0000022e25594c68]
Event: 5.671 Thread 0x0000022e37a1a800 3523       3       org.objectweb.asm.ClassReader::readVerificationTypeInfo (184 bytes)
Event: 5.673 Thread 0x0000022e37a1a800 nmethod 3523 0x0000022e25594d90 code [0x0000022e255950c0, 0x0000022e255968e8]
Event: 5.673 Thread 0x0000022e37a1a800 3528       3       java.util.regex.Matcher::groupCount (10 bytes)
Event: 5.673 Thread 0x0000022e37a1a800 nmethod 3528 0x0000022e25597210 code [0x0000022e255973c0, 0x0000022e255974d8]
Event: 5.673 Thread 0x0000022e37a1a800 3524       3       java.util.AbstractList::subListRangeCheck (110 bytes)
Event: 5.679 Thread 0x0000022e37a1a800 nmethod 3524 0x0000022e25597590 code [0x0000022e255979a0, 0x0000022e25599168]
Event: 5.679 Thread 0x0000022e37a1a800 3525       3       java.util.ArrayList$SubList::<init> (35 bytes)
Event: 5.679 Thread 0x0000022e37a1a800 nmethod 3525 0x0000022e25599a10 code [0x0000022e25599be0, 0x0000022e25599e38]
Event: 5.679 Thread 0x0000022e37a1a800 3526       3       java.util.ArrayList$SubList::toArray (79 bytes)
Event: 5.680 Thread 0x0000022e37a1a800 nmethod 3526 0x0000022e25599f90 code [0x0000022e2559a1a0, 0x0000022e2559a7a8]
Event: 5.708 Thread 0x0000022e37a1a800 3529       3       java.util.regex.Pattern$BranchConn::match (11 bytes)
Event: 5.708 Thread 0x0000022e37a1a800 nmethod 3529 0x0000022e2559a990 code [0x0000022e2559ab40, 0x0000022e2559ad08]
Event: 5.708 Thread 0x0000022e37a1a800 3530       3       org.objectweb.asm.SymbolTable::put (150 bytes)
Event: 5.709 Thread 0x0000022e37a1a800 nmethod 3530 0x0000022e2559ae10 code [0x0000022e2559b000, 0x0000022e2559b6f8]
Event: 5.710 Thread 0x0000022e37a1a800 3531       3       java.util.regex.Matcher::match (154 bytes)
Event: 5.710 Thread 0x0000022e37a1a800 nmethod 3531 0x0000022e2559ba10 code [0x0000022e2559bc20, 0x0000022e2559c388]
Event: 5.711 Thread 0x0000022e37a1a800 3532       3       java.net.URLStreamHandler::parseURL (1201 bytes)
Event: 5.971 Thread 0x0000022e37a1a800 nmethod 3532 0x0000022e2559c690 code [0x0000022e2559d900, 0x0000022e255a8be8]

GC Heap History (20 events):
Event: 4.406 GC heap before
{Heap before GC invocations=8 (full 1):
 PSYoungGen      total 27136K, used 26806K [0x00000000eab00000, 0x00000000ec880000, 0x0000000100000000)
  eden space 24576K, 100% used [0x00000000eab00000,0x00000000ec300000,0x00000000ec300000)
  from space 2560K, 87% used [0x00000000ec600000,0x00000000ec82db78,0x00000000ec880000)
  to   space 2560K, 0% used [0x00000000ec380000,0x00000000ec380000,0x00000000ec600000)
 ParOldGen       total 68608K, used 7481K [0x00000000c0000000, 0x00000000c4300000, 0x00000000eab00000)
  object space 68608K, 10% used [0x00000000c0000000,0x00000000c074e740,0x00000000c4300000)
 Metaspace       used 31130K, capacity 32820K, committed 33152K, reserved 1079296K
  class space    used 2960K, capacity 3604K, committed 3712K, reserved 1048576K
}
Event: 4.409 GC heap after
{Heap after GC invocations=8 (full 1):
 PSYoungGen      total 26624K, used 2540K [0x00000000eab00000, 0x00000000eca80000, 0x0000000100000000)
  eden space 24064K, 0% used [0x00000000eab00000,0x00000000eab00000,0x00000000ec280000)
  from space 2560K, 99% used [0x00000000ec380000,0x00000000ec5fb040,0x00000000ec600000)
  to   space 4096K, 0% used [0x00000000ec680000,0x00000000ec680000,0x00000000eca80000)
 ParOldGen       total 68608K, used 8624K [0x00000000c0000000, 0x00000000c4300000, 0x00000000eab00000)
  object space 68608K, 12% used [0x00000000c0000000,0x00000000c086c380,0x00000000c4300000)
 Metaspace       used 31130K, capacity 32820K, committed 33152K, reserved 1079296K
  class space    used 2960K, capacity 3604K, committed 3712K, reserved 1048576K
}
Event: 4.586 GC heap before
{Heap before GC invocations=9 (full 1):
 PSYoungGen      total 26624K, used 26604K [0x00000000eab00000, 0x00000000eca80000, 0x0000000100000000)
  eden space 24064K, 100% used [0x00000000eab00000,0x00000000ec280000,0x00000000ec280000)
  from space 2560K, 99% used [0x00000000ec380000,0x00000000ec5fb040,0x00000000ec600000)
  to   space 4096K, 0% used [0x00000000ec680000,0x00000000ec680000,0x00000000eca80000)
 ParOldGen       total 68608K, used 8624K [0x00000000c0000000, 0x00000000c4300000, 0x00000000eab00000)
  object space 68608K, 12% used [0x00000000c0000000,0x00000000c086c380,0x00000000c4300000)
 Metaspace       used 31439K, capacity 33135K, committed 33408K, reserved 1079296K
  class space    used 3000K, capacity 3645K, committed 3712K, reserved 1048576K
}
Event: 4.595 GC heap after
{Heap after GC invocations=9 (full 1):
 PSYoungGen      total 27136K, used 4071K [0x00000000eab00000, 0x00000000ecc00000, 0x0000000100000000)
  eden space 23040K, 0% used [0x00000000eab00000,0x00000000eab00000,0x00000000ec180000)
  from space 4096K, 99% used [0x00000000ec680000,0x00000000eca79f98,0x00000000eca80000)
  to   space 5120K, 0% used [0x00000000ec180000,0x00000000ec180000,0x00000000ec680000)
 ParOldGen       total 68608K, used 9269K [0x00000000c0000000, 0x00000000c4300000, 0x00000000eab00000)
  object space 68608K, 13% used [0x00000000c0000000,0x00000000c090d6d8,0x00000000c4300000)
 Metaspace       used 31439K, capacity 33135K, committed 33408K, reserved 1079296K
  class space    used 3000K, capacity 3645K, committed 3712K, reserved 1048576K
}
Event: 4.709 GC heap before
{Heap before GC invocations=10 (full 1):
 PSYoungGen      total 27136K, used 27111K [0x00000000eab00000, 0x00000000ecc00000, 0x0000000100000000)
  eden space 23040K, 100% used [0x00000000eab00000,0x00000000ec180000,0x00000000ec180000)
  from space 4096K, 99% used [0x00000000ec680000,0x00000000eca79f98,0x00000000eca80000)
  to   space 5120K, 0% used [0x00000000ec180000,0x00000000ec180000,0x00000000ec680000)
 ParOldGen       total 68608K, used 9269K [0x00000000c0000000, 0x00000000c4300000, 0x00000000eab00000)
  object space 68608K, 13% used [0x00000000c0000000,0x00000000c090d6d8,0x00000000c4300000)
 Metaspace       used 31460K, capacity 33135K, committed 33408K, reserved 1079296K
  class space    used 3000K, capacity 3645K, committed 3712K, reserved 1048576K
}
Event: 4.716 GC heap after
{Heap after GC invocations=10 (full 1):
 PSYoungGen      total 27648K, used 4610K [0x00000000eab00000, 0x00000000ecb00000, 0x0000000100000000)
  eden space 22528K, 0% used [0x00000000eab00000,0x00000000eab00000,0x00000000ec100000)
  from space 5120K, 90% used [0x00000000ec180000,0x00000000ec600b38,0x00000000ec680000)
  to   space 4608K, 0% used [0x00000000ec680000,0x00000000ec680000,0x00000000ecb00000)
 ParOldGen       total 68608K, used 10873K [0x00000000c0000000, 0x00000000c4300000, 0x00000000eab00000)
  object space 68608K, 15% used [0x00000000c0000000,0x00000000c0a9e660,0x00000000c4300000)
 Metaspace       used 31460K, capacity 33135K, committed 33408K, reserved 1079296K
  class space    used 3000K, capacity 3645K, committed 3712K, reserved 1048576K
}
Event: 4.840 GC heap before
{Heap before GC invocations=11 (full 1):
 PSYoungGen      total 27648K, used 27138K [0x00000000eab00000, 0x00000000ecb00000, 0x0000000100000000)
  eden space 22528K, 100% used [0x00000000eab00000,0x00000000ec100000,0x00000000ec100000)
  from space 5120K, 90% used [0x00000000ec180000,0x00000000ec600b38,0x00000000ec680000)
  to   space 4608K, 0% used [0x00000000ec680000,0x00000000ec680000,0x00000000ecb00000)
 ParOldGen       total 68608K, used 10873K [0x00000000c0000000, 0x00000000c4300000, 0x00000000eab00000)
  object space 68608K, 15% used [0x00000000c0000000,0x00000000c0a9e660,0x00000000c4300000)
 Metaspace       used 31637K, capacity 33295K, committed 33408K, reserved 1079296K
  class space    used 3015K, capacity 3677K, committed 3712K, reserved 1048576K
}
Event: 4.851 GC heap after
{Heap after GC invocations=11 (full 1):
 PSYoungGen      total 25088K, used 4576K [0x00000000eab00000, 0x00000000ecf80000, 0x0000000100000000)
  eden space 20480K, 0% used [0x00000000eab00000,0x00000000eab00000,0x00000000ebf00000)
  from space 4608K, 99% used [0x00000000ec680000,0x00000000ecaf8020,0x00000000ecb00000)
  to   space 7680K, 0% used [0x00000000ebf00000,0x00000000ebf00000,0x00000000ec680000)
 ParOldGen       total 68608K, used 13287K [0x00000000c0000000, 0x00000000c4300000, 0x00000000eab00000)
  object space 68608K, 19% used [0x00000000c0000000,0x00000000c0cf9d30,0x00000000c4300000)
 Metaspace       used 31637K, capacity 33295K, committed 33408K, reserved 1079296K
  class space    used 3015K, capacity 3677K, committed 3712K, reserved 1048576K
}
Event: 4.919 GC heap before
{Heap before GC invocations=12 (full 1):
 PSYoungGen      total 25088K, used 25056K [0x00000000eab00000, 0x00000000ecf80000, 0x0000000100000000)
  eden space 20480K, 100% used [0x00000000eab00000,0x00000000ebf00000,0x00000000ebf00000)
  from space 4608K, 99% used [0x00000000ec680000,0x00000000ecaf8020,0x00000000ecb00000)
  to   space 7680K, 0% used [0x00000000ebf00000,0x00000000ebf00000,0x00000000ec680000)
 ParOldGen       total 68608K, used 13287K [0x00000000c0000000, 0x00000000c4300000, 0x00000000eab00000)
  object space 68608K, 19% used [0x00000000c0000000,0x00000000c0cf9d30,0x00000000c4300000)
 Metaspace       used 31637K, capacity 33295K, committed 33408K, reserved 1079296K
  class space    used 3015K, capacity 3677K, committed 3712K, reserved 1048576K
}
Event: 4.926 GC heap after
{Heap after GC invocations=12 (full 1):
 PSYoungGen      total 23040K, used 2112K [0x00000000eab00000, 0x00000000ec700000, 0x0000000100000000)
  eden space 20480K, 0% used [0x00000000eab00000,0x00000000eab00000,0x00000000ebf00000)
  from space 2560K, 82% used [0x00000000ebf00000,0x00000000ec110000,0x00000000ec180000)
  to   space 4096K, 0% used [0x00000000ec300000,0x00000000ec300000,0x00000000ec700000)
 ParOldGen       total 68608K, used 17848K [0x00000000c0000000, 0x00000000c4300000, 0x00000000eab00000)
  object space 68608K, 26% used [0x00000000c0000000,0x00000000c116e0d8,0x00000000c4300000)
 Metaspace       used 31637K, capacity 33295K, committed 33408K, reserved 1079296K
  class space    used 3015K, capacity 3677K, committed 3712K, reserved 1048576K
}
Event: 4.990 GC heap before
{Heap before GC invocations=13 (full 1):
 PSYoungGen      total 23040K, used 22592K [0x00000000eab00000, 0x00000000ec700000, 0x0000000100000000)
  eden space 20480K, 100% used [0x00000000eab00000,0x00000000ebf00000,0x00000000ebf00000)
  from space 2560K, 82% used [0x00000000ebf00000,0x00000000ec110000,0x00000000ec180000)
  to   space 4096K, 0% used [0x00000000ec300000,0x00000000ec300000,0x00000000ec700000)
 ParOldGen       total 68608K, used 17848K [0x00000000c0000000, 0x00000000c4300000, 0x00000000eab00000)
  object space 68608K, 26% used [0x00000000c0000000,0x00000000c116e0d8,0x00000000c4300000)
 Metaspace       used 31637K, capacity 33295K, committed 33408K, reserved 1079296K
  class space    used 3015K, capacity 3677K, committed 3712K, reserved 1048576K
}
Event: 5.000 GC heap after
{Heap after GC invocations=13 (full 1):
 PSYoungGen      total 23040K, used 2400K [0x00000000eab00000, 0x00000000ec580000, 0x0000000100000000)
  eden space 20480K, 0% used [0x00000000eab00000,0x00000000eab00000,0x00000000ebf00000)
  from space 2560K, 93% used [0x00000000ec300000,0x00000000ec558010,0x00000000ec580000)
  to   space 3072K, 0% used [0x00000000ebf80000,0x00000000ebf80000,0x00000000ec280000)
 ParOldGen       total 68608K, used 19928K [0x00000000c0000000, 0x00000000c4300000, 0x00000000eab00000)
  object space 68608K, 29% used [0x00000000c0000000,0x00000000c13760d8,0x00000000c4300000)
 Metaspace       used 31637K, capacity 33295K, committed 33408K, reserved 1079296K
  class space    used 3015K, capacity 3677K, committed 3712K, reserved 1048576K
}
Event: 5.152 GC heap before
{Heap before GC invocations=14 (full 1):
 PSYoungGen      total 23040K, used 22880K [0x00000000eab00000, 0x00000000ec580000, 0x0000000100000000)
  eden space 20480K, 100% used [0x00000000eab00000,0x00000000ebf00000,0x00000000ebf00000)
  from space 2560K, 93% used [0x00000000ec300000,0x00000000ec558010,0x00000000ec580000)
  to   space 3072K, 0% used [0x00000000ebf80000,0x00000000ebf80000,0x00000000ec280000)
 ParOldGen       total 68608K, used 19928K [0x00000000c0000000, 0x00000000c4300000, 0x00000000eab00000)
  object space 68608K, 29% used [0x00000000c0000000,0x00000000c13760d8,0x00000000c4300000)
 Metaspace       used 31724K, capacity 33433K, committed 33664K, reserved 1079296K
  class space    used 3020K, capacity 3680K, committed 3712K, reserved 1048576K
}
Event: 5.160 GC heap after
{Heap after GC invocations=14 (full 1):
 PSYoungGen      total 23040K, used 2560K [0x00000000eab00000, 0x00000000ec500000, 0x0000000100000000)
  eden space 20480K, 0% used [0x00000000eab00000,0x00000000eab00000,0x00000000ebf00000)
  from space 2560K, 100% used [0x00000000ebf80000,0x00000000ec200000,0x00000000ec200000)
  to   space 3072K, 0% used [0x00000000ec200000,0x00000000ec200000,0x00000000ec500000)
 ParOldGen       total 68608K, used 22312K [0x00000000c0000000, 0x00000000c4300000, 0x00000000eab00000)
  object space 68608K, 32% used [0x00000000c0000000,0x00000000c15ca0e8,0x00000000c4300000)
 Metaspace       used 31724K, capacity 33433K, committed 33664K, reserved 1079296K
  class space    used 3020K, capacity 3680K, committed 3712K, reserved 1048576K
}
Event: 5.674 GC heap before
{Heap before GC invocations=15 (full 1):
 PSYoungGen      total 23040K, used 23013K [0x00000000eab00000, 0x00000000ec500000, 0x0000000100000000)
  eden space 20480K, 99% used [0x00000000eab00000,0x00000000ebef9660,0x00000000ebf00000)
  from space 2560K, 100% used [0x00000000ebf80000,0x00000000ec200000,0x00000000ec200000)
  to   space 3072K, 0% used [0x00000000ec200000,0x00000000ec200000,0x00000000ec500000)
 ParOldGen       total 68608K, used 22312K [0x00000000c0000000, 0x00000000c4300000, 0x00000000eab00000)
  object space 68608K, 32% used [0x00000000c0000000,0x00000000c15ca0e8,0x00000000c4300000)
 Metaspace       used 33255K, capacity 35018K, committed 35328K, reserved 1081344K
  class space    used 3120K, capacity 3782K, committed 3840K, reserved 1048576K
}
Event: 5.679 GC heap after
{Heap after GC invocations=15 (full 1):
 PSYoungGen      total 21504K, used 881K [0x00000000eab00000, 0x00000000ec300000, 0x0000000100000000)
  eden space 20480K, 0% used [0x00000000eab00000,0x00000000eab00000,0x00000000ebf00000)
  from space 1024K, 86% used [0x00000000ec200000,0x00000000ec2dc490,0x00000000ec300000)
  to   space 1536K, 0% used [0x00000000ec000000,0x00000000ec000000,0x00000000ec180000)
 ParOldGen       total 68608K, used 24869K [0x00000000c0000000, 0x00000000c4300000, 0x00000000eab00000)
  object space 68608K, 36% used [0x00000000c0000000,0x00000000c1849440,0x00000000c4300000)
 Metaspace       used 33255K, capacity 35018K, committed 35328K, reserved 1081344K
  class space    used 3120K, capacity 3782K, committed 3840K, reserved 1048576K
}
Event: 5.735 GC heap before
{Heap before GC invocations=16 (full 1):
 PSYoungGen      total 21504K, used 3258K [0x00000000eab00000, 0x00000000ec300000, 0x0000000100000000)
  eden space 20480K, 11% used [0x00000000eab00000,0x00000000ead526a8,0x00000000ebf00000)
  from space 1024K, 86% used [0x00000000ec200000,0x00000000ec2dc490,0x00000000ec300000)
  to   space 1536K, 0% used [0x00000000ec000000,0x00000000ec000000,0x00000000ec180000)
 ParOldGen       total 68608K, used 24869K [0x00000000c0000000, 0x00000000c4300000, 0x00000000eab00000)
  object space 68608K, 36% used [0x00000000c0000000,0x00000000c1849440,0x00000000c4300000)
 Metaspace       used 33629K, capacity 35370K, committed 35496K, reserved 1081344K
  class space    used 3159K, capacity 3814K, committed 3840K, reserved 1048576K
}
Event: 5.740 GC heap after
{Heap after GC invocations=16 (full 1):
 PSYoungGen      total 22016K, used 64K [0x00000000eab00000, 0x00000000ec280000, 0x0000000100000000)
  eden space 20480K, 0% used [0x00000000eab00000,0x00000000eab00000,0x00000000ebf00000)
  from space 1536K, 4% used [0x00000000ec000000,0x00000000ec010000,0x00000000ec180000)
  to   space 512K, 0% used [0x00000000ec200000,0x00000000ec200000,0x00000000ec280000)
 ParOldGen       total 68608K, used 25580K [0x00000000c0000000, 0x00000000c4300000, 0x00000000eab00000)
  object space 68608K, 37% used [0x00000000c0000000,0x00000000c18fb2a0,0x00000000c4300000)
 Metaspace       used 33629K, capacity 35370K, committed 35496K, reserved 1081344K
  class space    used 3159K, capacity 3814K, committed 3840K, reserved 1048576K
}
Event: 5.740 GC heap before
{Heap before GC invocations=17 (full 2):
 PSYoungGen      total 22016K, used 64K [0x00000000eab00000, 0x00000000ec280000, 0x0000000100000000)
  eden space 20480K, 0% used [0x00000000eab00000,0x00000000eab00000,0x00000000ebf00000)
  from space 1536K, 4% used [0x00000000ec000000,0x00000000ec010000,0x00000000ec180000)
  to   space 512K, 0% used [0x00000000ec200000,0x00000000ec200000,0x00000000ec280000)
 ParOldGen       total 68608K, used 25580K [0x00000000c0000000, 0x00000000c4300000, 0x00000000eab00000)
  object space 68608K, 37% used [0x00000000c0000000,0x00000000c18fb2a0,0x00000000c4300000)
 Metaspace       used 33629K, capacity 35370K, committed 35496K, reserved 1081344K
  class space    used 3159K, capacity 3814K, committed 3840K, reserved 1048576K
}
Event: 5.970 GC heap after
{Heap after GC invocations=17 (full 2):
 PSYoungGen      total 22016K, used 0K [0x00000000eab00000, 0x00000000ec280000, 0x0000000100000000)
  eden space 20480K, 0% used [0x00000000eab00000,0x00000000eab00000,0x00000000ebf00000)
  from space 1536K, 0% used [0x00000000ec000000,0x00000000ec000000,0x00000000ec180000)
  to   space 512K, 0% used [0x00000000ec200000,0x00000000ec200000,0x00000000ec280000)
 ParOldGen       total 68608K, used 25040K [0x00000000c0000000, 0x00000000c4300000, 0x00000000eab00000)
  object space 68608K, 36% used [0x00000000c0000000,0x00000000c18741d0,0x00000000c4300000)
 Metaspace       used 33629K, capacity 35370K, committed 35496K, reserved 1081344K
  class space    used 3159K, capacity 3814K, committed 3840K, reserved 1048576K
}

Deoptimization events (20 events):
Event: 5.316 Thread 0x0000022e39fc5800 DEOPT PACKING pc=0x0000022e253d774e sp=0x00000080b68fcb20
Event: 5.316 Thread 0x0000022e39fc5800 DEOPT UNPACKING pc=0x0000022e24896ece sp=0x00000080b68fc000 mode 0
Event: 5.317 Thread 0x0000022e39fc5800 DEOPT PACKING pc=0x0000022e253d774e sp=0x00000080b68fcb20
Event: 5.317 Thread 0x0000022e39fc5800 DEOPT UNPACKING pc=0x0000022e24896ece sp=0x00000080b68fc000 mode 0
Event: 5.319 Thread 0x0000022e39fc5800 DEOPT PACKING pc=0x0000022e253d774e sp=0x00000080b68fcb60
Event: 5.319 Thread 0x0000022e39fc5800 DEOPT UNPACKING pc=0x0000022e24896ece sp=0x00000080b68fc038 mode 0
Event: 5.319 Thread 0x0000022e39fc5800 DEOPT PACKING pc=0x0000022e253d774e sp=0x00000080b68fcb60
Event: 5.319 Thread 0x0000022e39fc5800 DEOPT UNPACKING pc=0x0000022e24896ece sp=0x00000080b68fc038 mode 0
Event: 5.320 Thread 0x0000022e39fc5800 DEOPT PACKING pc=0x0000022e253d774e sp=0x00000080b68fcb60
Event: 5.320 Thread 0x0000022e39fc5800 DEOPT UNPACKING pc=0x0000022e24896ece sp=0x00000080b68fc038 mode 0
Event: 5.320 Thread 0x0000022e39fc5800 DEOPT PACKING pc=0x0000022e253d774e sp=0x00000080b68fcb60
Event: 5.320 Thread 0x0000022e39fc5800 DEOPT UNPACKING pc=0x0000022e24896ece sp=0x00000080b68fc038 mode 0
Event: 5.321 Thread 0x0000022e39fc5800 DEOPT PACKING pc=0x0000022e253d774e sp=0x00000080b68fcb60
Event: 5.321 Thread 0x0000022e39fc5800 DEOPT UNPACKING pc=0x0000022e24896ece sp=0x00000080b68fc038 mode 0
Event: 5.321 Thread 0x0000022e39fc5800 DEOPT PACKING pc=0x0000022e253d774e sp=0x00000080b68fcb60
Event: 5.321 Thread 0x0000022e39fc5800 DEOPT UNPACKING pc=0x0000022e24896ece sp=0x00000080b68fc038 mode 0
Event: 5.669 Thread 0x0000022e39fc5800 Uncommon trap: trap_request=0xffffff4d fr.pc=0x0000022e2c4f7e20 relative=0x00000000000002e0
Event: 5.669 Thread 0x0000022e39fc5800 Uncommon trap: reason=unstable_if action=reinterpret pc=0x0000022e2c4f7e20 method=org.objectweb.asm.Label.resolve([BI)Z @ 80 c2
Event: 5.669 Thread 0x0000022e39fc5800 DEOPT PACKING pc=0x0000022e2c4f7e20 sp=0x00000080b68fa380
Event: 5.669 Thread 0x0000022e39fc5800 DEOPT UNPACKING pc=0x0000022e248970af sp=0x00000080b68fa280 mode 2

Classes redefined (0 events):
No events

Internal exceptions (20 events):
Event: 1.993 Thread 0x0000022e1a9a3800 Exception <a 'java/lang/UnsatisfiedLinkError'{0x00000000ec269a08}: 'void org.eclipse.equinox.launcher.JNIBridge._update_splash()'> (0x00000000ec269a08) thrown at [./src/hotspot/share/prims/nativeLookup.cpp, line 526]
Event: 2.138 Thread 0x0000022e39b64800 Exception <a 'java/lang/NoSuchMethodError'{0x00000000eaf2f170}: 'java.lang.Object java.lang.invoke.DirectMethodHandle$Holder.invokeStatic(java.lang.Object, java.lang.Object, java.lang.Object, java.lang.Object, java.lang.Object, java.lang.Object, java.lang.Object, java.lang.Object, java.lang.Object, java.lang.Object, java.lang.Object, java.lang.Object, java.lang.Object, java.lang.Object, java.lang.Object)'> (0x00000000eaf2f170) thrown at [./src/hotspot/share/interpreter/linkResolver.cpp, line 773]
Event: 2.139 Thread 0x0000022e39b64800 Exception <a 'java/lang/NoSuchMethodError'{0x00000000eaf42b28}: 'java.lang.Object java.lang.invoke.DirectMethodHandle$Holder.invokeStatic(java.lang.Object, java.lang.Object, java.lang.Object, java.lang.Object, java.lang.Object, java.lang.Object, java.lang.Object, java.lang.Object, java.lang.Object, java.lang.Object, java.lang.Object, java.lang.Object, java.lang.Object, java.lang.Object, java.lang.Object, java.lang.Object)'> (0x00000000eaf42b28) thrown at [./src/hotspot/share/interpreter/linkResolver.cpp, l
Event: 2.141 Thread 0x0000022e39b64800 Exception <a 'java/lang/NoSuchMethodError'{0x00000000eaf50ab0}: 'java.lang.Object java.lang.invoke.DirectMethodHandle$Holder.invokeSpecial(java.lang.Object, java.lang.Object, int, int, java.lang.Object, java.lang.Object, java.lang.Object)'> (0x00000000eaf50ab0) thrown at [./src/hotspot/share/interpreter/linkResolver.cpp, line 773]
Event: 2.142 Thread 0x0000022e39b64800 Exception <a 'java/lang/NoSuchMethodError'{0x00000000eaf542e8}: 'java.lang.Object java.lang.invoke.DelegatingMethodHandle$Holder.reinvoke_L(java.lang.Object, int, int, java.lang.Object, java.lang.Object, java.lang.Object)'> (0x00000000eaf542e8) thrown at [./src/hotspot/share/interpreter/linkResolver.cpp, line 773]
Event: 2.143 Thread 0x0000022e39b64800 Exception <a 'java/lang/NoSuchMethodError'{0x00000000eaf605c0}: 'java.lang.Object java.lang.invoke.DirectMethodHandle$Holder.invokeStatic(java.lang.Object, java.lang.Object, java.lang.Object, java.lang.Object, int)'> (0x00000000eaf605c0) thrown at [./src/hotspot/share/interpreter/linkResolver.cpp, line 773]
Event: 2.590 Thread 0x0000022e39b64800 Exception <a 'java/io/FileNotFoundException'{0x00000000ebfbb938}> (0x00000000ebfbb938) thrown at [./src/hotspot/share/prims/jni.cpp, line 615]
Event: 2.873 Thread 0x0000022e39b64800 Exception <a 'java/io/FileNotFoundException'{0x00000000eb20a5d0}> (0x00000000eb20a5d0) thrown at [./src/hotspot/share/prims/jni.cpp, line 615]
Event: 3.084 Thread 0x0000022e39b64800 Exception <a 'java/lang/NoSuchMethodError'{0x00000000eae8fed0}: 'int java.lang.invoke.DirectMethodHandle$Holder.invokeStaticInit(java.lang.Object, java.lang.Object, java.lang.Object)'> (0x00000000eae8fed0) thrown at [./src/hotspot/share/interpreter/linkResolver.cpp, line 773]
Event: 3.097 Thread 0x0000022e39b64800 Exception <a 'java/lang/IncompatibleClassChangeError'{0x00000000eaf481c8}: Found class java.lang.Object, but interface was expected> (0x00000000eaf481c8) thrown at [./src/hotspot/share/interpreter/linkResolver.cpp, line 839]
Event: 3.394 Thread 0x0000022e39b64800 Exception <a 'java/lang/ClassNotFoundException'{0x00000000eacbb830}: com/sun/org/apache/xerces/internal/impl/msg/spi/DOMMessagesProvider> (0x00000000eacbb830) thrown at [./src/hotspot/share/classfile/systemDictionary.cpp, line 231]
Event: 3.397 Thread 0x0000022e39b64800 Exception <a 'java/lang/ClassNotFoundException'{0x00000000eace9a70}: com/sun/org/apache/xerces/internal/impl/msg/spi/XMLSerializerMessagesProvider> (0x00000000eace9a70) thrown at [./src/hotspot/share/classfile/systemDictionary.cpp, line 231]
Event: 3.398 Thread 0x0000022e39b64800 Exception <a 'java/lang/ClassNotFoundException'{0x00000000eacf55d0}: com/sun/org/apache/xerces/internal/impl/msg/spi/XMLMessagesProvider> (0x00000000eacf55d0) thrown at [./src/hotspot/share/classfile/systemDictionary.cpp, line 231]
Event: 3.517 Thread 0x0000022e39b64800 Exception <a 'java/lang/ClassNotFoundException'{0x00000000eb2149b0}: com/sun/org/apache/xml/internal/serializer/spi/XMLEntitiesProvider> (0x00000000eb2149b0) thrown at [./src/hotspot/share/classfile/systemDictionary.cpp, line 231]
Event: 3.689 Thread 0x0000022e1a9a3800 Exception <a 'java/lang/NoSuchMethodError'{0x00000000eb8a70a0}: 'void java.lang.invoke.DirectMethodHandle$Holder.invokeStatic(java.lang.Object, java.lang.Object, java.lang.Object, java.lang.Object)'> (0x00000000eb8a70a0) thrown at [./src/hotspot/share/interpreter/linkResolver.cpp, line 773]
Event: 3.961 Thread 0x0000022e39fc5800 Exception <a 'java/io/FileNotFoundException'{0x00000000eadc5a50}> (0x00000000eadc5a50) thrown at [./src/hotspot/share/prims/jni.cpp, line 615]
Event: 4.471 Thread 0x0000022e39c42800 Exception <a 'java/io/FileNotFoundException'{0x00000000eb23d5c0}> (0x00000000eb23d5c0) thrown at [./src/hotspot/share/prims/jni.cpp, line 615]
Event: 4.472 Thread 0x0000022e39c42800 Exception <a 'java/io/FileNotFoundException'{0x00000000eb23f120}> (0x00000000eb23f120) thrown at [./src/hotspot/share/prims/jni.cpp, line 615]
Event: 4.474 Thread 0x0000022e39c42800 Exception <a 'java/lang/NoSuchMethodError'{0x00000000eb2529b0}: 'void java.lang.invoke.DirectMethodHandle$Holder.invokeStaticInit(java.lang.Object, java.lang.Object, java.lang.Object)'> (0x00000000eb2529b0) thrown at [./src/hotspot/share/interpreter/linkResolver.cpp, line 773]
Event: 5.228 Thread 0x0000022e39fc5800 Exception <a 'java/lang/NoSuchMethodError'{0x00000000eac984b8}: 'java.lang.Object java.lang.invoke.DirectMethodHandle$Holder.invokeInterface(java.lang.Object, java.lang.Object, java.lang.Object)'> (0x00000000eac984b8) thrown at [./src/hotspot/share/interpreter/linkResolver.cpp, line 773]

Events (20 events):
Event: 5.313 loading class org/eclipse/jdt/internal/compiler/problem/messages done
Event: 5.322 loading class org/eclipse/jdt/internal/compiler/problem/messages_en
Event: 5.322 loading class org/eclipse/jdt/internal/compiler/problem/messages_en done
Event: 5.323 loading class org/eclipse/jdt/internal/compiler/problem/messages_en_US
Event: 5.323 loading class org/eclipse/jdt/internal/compiler/problem/messages_en_US done
Event: 5.524 Executing VM operation: RevokeBias
Event: 5.529 Executing VM operation: RevokeBias done
Event: 5.543 Executing VM operation: RevokeBias
Event: 5.543 Executing VM operation: RevokeBias done
Event: 5.545 Executing VM operation: RevokeBias
Event: 5.546 Executing VM operation: RevokeBias done
Event: 5.552 Executing VM operation: RevokeBias
Event: 5.553 Executing VM operation: RevokeBias done
Event: 5.587 Thread 0x0000022e39fb3000 Thread exited: 0x0000022e39fb3000
Event: 5.674 Executing VM operation: ParallelGCFailedAllocation
Event: 5.679 Executing VM operation: ParallelGCFailedAllocation done
Event: 5.718 Executing VM operation: Deoptimize
Event: 5.719 Executing VM operation: Deoptimize done
Event: 5.735 Executing VM operation: CollectForMetadataAllocation
Event: 5.970 Executing VM operation: CollectForMetadataAllocation done


Dynamic libraries:
0x00007ff752450000 - 0x00007ff75245d000 	C:\Program Files\AdoptOpenJDK\jdk-11.0.10.9-hotspot\bin\java.exe
0x00007ffe4f9e0000 - 0x00007ffe4fbe7000 	C:\WINDOWS\SYSTEM32\ntdll.dll
0x00007ffe4e490000 - 0x00007ffe4e54d000 	C:\WINDOWS\System32\KERNEL32.DLL
0x00007ffe4d040000 - 0x00007ffe4d3b2000 	C:\WINDOWS\System32\KERNELBASE.dll
0x00007ffe4d5b0000 - 0x00007ffe4d6c1000 	C:\WINDOWS\System32\ucrtbase.dll
0x00007ffe45330000 - 0x00007ffe45347000 	C:\Program Files\AdoptOpenJDK\jdk-11.0.10.9-hotspot\bin\jli.dll
0x00007ffe457b0000 - 0x00007ffe457c5000 	C:\Program Files\AdoptOpenJDK\jdk-11.0.10.9-hotspot\bin\VCRUNTIME140.dll
0x00007ffe4ee50000 - 0x00007ffe4effc000 	C:\WINDOWS\System32\USER32.dll
0x00007ffe3b290000 - 0x00007ffe3b535000 	C:\WINDOWS\WinSxS\amd64_microsoft.windows.common-controls_6595b64144ccf1df_6.0.21390.1_none_71fe35e189dc7366\COMCTL32.dll
0x00007ffe4d460000 - 0x00007ffe4d486000 	C:\WINDOWS\System32\win32u.dll
0x00007ffe4f340000 - 0x00007ffe4f3e3000 	C:\WINDOWS\System32\msvcrt.dll
0x00007ffe4f260000 - 0x00007ffe4f289000 	C:\WINDOWS\System32\GDI32.dll
0x00007ffe4d490000 - 0x00007ffe4d5a2000 	C:\WINDOWS\System32\gdi32full.dll
0x00007ffe4d3c0000 - 0x00007ffe4d45d000 	C:\WINDOWS\System32\msvcp_win.dll
0x00007ffe4f220000 - 0x00007ffe4f251000 	C:\WINDOWS\System32\IMM32.DLL
0x00007ffe30730000 - 0x00007ffe307cb000 	C:\Program Files\AdoptOpenJDK\jdk-11.0.10.9-hotspot\bin\msvcp140.dll
0x00007ffdf9580000 - 0x00007ffdfa0c3000 	C:\Program Files\AdoptOpenJDK\jdk-11.0.10.9-hotspot\bin\server\jvm.dll
0x00007ffe4f290000 - 0x00007ffe4f33c000 	C:\WINDOWS\System32\ADVAPI32.dll
0x00007ffe4f000000 - 0x00007ffe4f09d000 	C:\WINDOWS\System32\sechost.dll
0x00007ffe4e120000 - 0x00007ffe4e241000 	C:\WINDOWS\System32\RPCRT4.dll
0x00007ffe4d8c0000 - 0x00007ffe4d8c8000 	C:\WINDOWS\System32\PSAPI.DLL
0x00007ffe3c3f0000 - 0x00007ffe3c3f9000 	C:\WINDOWS\SYSTEM32\WSOCK32.dll
0x00007ffe476f0000 - 0x00007ffe47721000 	C:\WINDOWS\SYSTEM32\WINMM.dll
0x00007ffe4f0c0000 - 0x00007ffe4f12f000 	C:\WINDOWS\System32\WS2_32.dll
0x00007ffe44130000 - 0x00007ffe4413a000 	C:\WINDOWS\SYSTEM32\VERSION.dll
0x00007ffe4c130000 - 0x00007ffe4c147000 	C:\WINDOWS\SYSTEM32\kernel.appcore.dll
0x00007ffe49150000 - 0x00007ffe49160000 	C:\Program Files\AdoptOpenJDK\jdk-11.0.10.9-hotspot\bin\verify.dll
0x00007ffe449c0000 - 0x00007ffe44be1000 	C:\WINDOWS\SYSTEM32\DBGHELP.DLL
0x00007ffe44860000 - 0x00007ffe44891000 	C:\WINDOWS\SYSTEM32\dbgcore.DLL
0x00007ffe4d6d0000 - 0x00007ffe4d750000 	C:\WINDOWS\System32\bcryptPrimitives.dll
0x00007ffe45300000 - 0x00007ffe45328000 	C:\Program Files\AdoptOpenJDK\jdk-11.0.10.9-hotspot\bin\java.dll
0x00007ffe476d0000 - 0x00007ffe476da000 	C:\Program Files\AdoptOpenJDK\jdk-11.0.10.9-hotspot\bin\jimage.dll
0x00007ffe45800000 - 0x00007ffe4580e000 	C:\Program Files\AdoptOpenJDK\jdk-11.0.10.9-hotspot\bin\instrument.dll
0x00007ffe43ea0000 - 0x00007ffe43eb7000 	C:\Program Files\AdoptOpenJDK\jdk-11.0.10.9-hotspot\bin\zip.dll
0x00007ffe4d8d0000 - 0x00007ffe4e022000 	C:\WINDOWS\System32\SHELL32.dll
0x00007ffe4b0a0000 - 0x00007ffe4b8f8000 	C:\WINDOWS\SYSTEM32\windows.storage.dll
0x00007ffe4f620000 - 0x00007ffe4f995000 	C:\WINDOWS\System32\combase.dll
0x00007ffe4af30000 - 0x00007ffe4b096000 	C:\WINDOWS\SYSTEM32\wintypes.dll
0x00007ffe4e5d0000 - 0x00007ffe4e6ba000 	C:\WINDOWS\System32\SHCORE.dll
0x00007ffe4f130000 - 0x00007ffe4f18d000 	C:\WINDOWS\System32\shlwapi.dll
0x00007ffe4ce40000 - 0x00007ffe4ce61000 	C:\WINDOWS\SYSTEM32\profapi.dll
0x00007ffe43e50000 - 0x00007ffe43e69000 	C:\Program Files\AdoptOpenJDK\jdk-11.0.10.9-hotspot\bin\net.dll
0x00007ffe473c0000 - 0x00007ffe474cc000 	C:\WINDOWS\SYSTEM32\WINHTTP.dll
0x00007ffe4c540000 - 0x00007ffe4c5a7000 	C:\WINDOWS\system32\mswsock.dll
0x00007ffe43e30000 - 0x00007ffe43e42000 	C:\Program Files\AdoptOpenJDK\jdk-11.0.10.9-hotspot\bin\nio.dll
0x00007ffe4c780000 - 0x00007ffe4c798000 	C:\WINDOWS\SYSTEM32\CRYPTSP.dll
0x00007ffe4c090000 - 0x00007ffe4c0c5000 	C:\WINDOWS\system32\rsaenh.dll
0x00007ffe4c630000 - 0x00007ffe4c659000 	C:\WINDOWS\SYSTEM32\USERENV.dll
0x00007ffe4c900000 - 0x00007ffe4c927000 	C:\WINDOWS\SYSTEM32\bcrypt.dll
0x00007ffe4c7a0000 - 0x00007ffe4c7ac000 	C:\WINDOWS\SYSTEM32\CRYPTBASE.dll
0x00007ffe4bc30000 - 0x00007ffe4bc5d000 	C:\WINDOWS\SYSTEM32\IPHLPAPI.DLL
0x00007ffe4e6c0000 - 0x00007ffe4e6c9000 	C:\WINDOWS\System32\NSI.dll
0x00007ffe476b0000 - 0x00007ffe476c9000 	C:\WINDOWS\SYSTEM32\dhcpcsvc6.DLL
0x00007ffe47a60000 - 0x00007ffe47a7e000 	C:\WINDOWS\SYSTEM32\dhcpcsvc.DLL
0x00007ffe4bca0000 - 0x00007ffe4bd85000 	C:\WINDOWS\SYSTEM32\DNSAPI.dll
0x00007ffe43860000 - 0x00007ffe43889000 	C:\Users\chhay\AppData\Roaming\Code\User\globalStorage\redhat.java\0.79.2\config_ss_win\org.eclipse.equinox.launcher\org.eclipse.equinox.launcher.win32.win32.x86_64_1.2.200.v20210406-1409\eclipse_11401.dll

dbghelp: loaded successfully - version: 4.0.5 - missing functions: none
symbol engine: initialized successfully - sym options: 0x614 - pdb path: .;C:\Program Files\AdoptOpenJDK\jdk-11.0.10.9-hotspot\bin;C:\WINDOWS\SYSTEM32;C:\WINDOWS\WinSxS\amd64_microsoft.windows.common-controls_6595b64144ccf1df_6.0.21390.1_none_71fe35e189dc7366;C:\Program Files\AdoptOpenJDK\jdk-11.0.10.9-hotspot\bin\server;C:\Users\chhay\AppData\Roaming\Code\User\globalStorage\redhat.java\0.79.2\config_ss_win\org.eclipse.equinox.launcher\org.eclipse.equinox.launcher.win32.win32.x86_64_1.2.200.v20210406-1409

VM Arguments:
jvm_args: --add-modules=ALL-SYSTEM --add-opens=java.base/java.util=ALL-UNNAMED --add-opens=java.base/java.lang=ALL-UNNAMED -Declipse.application=org.eclipse.jdt.ls.core.id1 -Dosgi.bundles.defaultStartLevel=4 -Declipse.product=org.eclipse.jdt.ls.core.product -Dfile.encoding=utf8 -DwatchParentProcess=false -XX:+UseParallelGC -XX:GCTimeRatio=4 -XX:AdaptiveSizePolicyWeight=90 -Dsun.zip.disableMemoryMapping=true -Xmx1G -Xms100m -javaagent:c:\Users\chhay\.vscode\extensions\gabrielbb.vscode-lombok-1.0.1\server\lombok.jar -Xverify:none 
java_command: c:\Users\chhay\.vscode\extensions\redhat.java-0.79.2\server\plugins\org.eclipse.equinox.launcher_1.6.100.v20201223-0822.jar -configuration c:\Users\chhay\AppData\Roaming\Code\User\globalStorage\redhat.java\0.79.2\config_ss_win -data c:\Users\chhay\AppData\Roaming\Code\User\workspaceStorage\e90dd5b51b8f841f595a6d555e72bb6f\redhat.java\ss_ws
java_class_path (initial): c:\Users\chhay\.vscode\extensions\redhat.java-0.79.2\server\plugins\org.eclipse.equinox.launcher_1.6.100.v20201223-0822.jar
Launcher Type: SUN_STANDARD

[Global flags]
    uintx AdaptiveSizePolicyWeight                 = 90                                        {product} {command line}
     bool BytecodeVerificationLocal                = false                                     {product} {command line}
     bool BytecodeVerificationRemote               = false                                     {product} {command line}
     intx CICompilerCount                          = 4                                         {product} {ergonomic}
    uintx GCTimeRatio                              = 4                                         {product} {command line}
   size_t InitialHeapSize                          = 104857600                                 {product} {command line}
   size_t MaxHeapSize                              = 1073741824                                {product} {command line}
   size_t MaxNewSize                               = 357564416                                 {product} {ergonomic}
   size_t MinHeapDeltaBytes                        = 524288                                    {product} {ergonomic}
   size_t NewSize                                  = 34603008                                  {product} {ergonomic}
    uintx NonNMethodCodeHeapSize                   = 5836300                                {pd product} {ergonomic}
    uintx NonProfiledCodeHeapSize                  = 122910970                              {pd product} {ergonomic}
   size_t OldSize                                  = 70254592                                  {product} {ergonomic}
    uintx ProfiledCodeHeapSize                     = 122910970                              {pd product} {ergonomic}
    uintx ReservedCodeCacheSize                    = 251658240                              {pd product} {ergonomic}
     bool SegmentedCodeCache                       = true                                      {product} {ergonomic}
     bool UseCompressedClassPointers               = true                                 {lp64_product} {ergonomic}
     bool UseCompressedOops                        = true                                 {lp64_product} {ergonomic}
     bool UseLargePagesIndividualAllocation        = false                                  {pd product} {ergonomic}
     bool UseParallelGC                            = true                                      {product} {command line}

Logging:
Log output configuration:
 #0: stdout all=warning uptime,level,tags
 #1: stderr all=off uptime,level,tags

Environment Variables:
JAVA_HOME=C:\Program Files\AdoptOpenJDK\jdk-11.0.10.9-hotspot\
PATH=C:\Program Files\AdoptOpenJDK\jdk-8.0.282.8-hotspot\bin;C:\Program Files\AdoptOpenJDK\jdk-11.0.10.9-hotspot\bin;C:\WINDOWS\system32;C:\WINDOWS;C:\WINDOWS\System32\Wbem;C:\WINDOWS\System32\WindowsPowerShell\v1.0\;C:\WINDOWS\System32\OpenSSH\;C:\Program Files\Git\cmd;C:\Program Files (x86)\nodejs\;C:\Users\chhay\AppData\Local\Microsoft\WindowsApps;;C:\Users\chhay\AppData\Local\Programs\Microsoft VS Code\bin;C:\Exercism;C:\Users\chhay\AppData\Roaming\npm
USERNAME=Chan Chhaya
OS=Windows_NT
PROCESSOR_IDENTIFIER=Intel64 Family 6 Model 60 Stepping 3, GenuineIntel



---------------  S Y S T E M  ---------------

OS: Windows 10 , 64 bit Build 21390 (10.0.21390.1)
OS uptime: 1 days 9:14 hours

CPU:total 8 (initial active 8) (4 cores per cpu, 2 threads per core) family 6 model 60 stepping 3 microcode 0x28, cmov, cx8, fxsr, mmx, sse, sse2, sse3, ssse3, sse4.1, sse4.2, popcnt, avx, avx2, aes, clmul, erms, lzcnt, ht, tsc, tscinvbit, bmi1, bmi2, fma

Memory: 4k page, system-wide physical 12177M (2944M free)
TotalPageFile size 18833M (AvailPageFile size 6452M)
current process WorkingSet (physical memory assigned to process): 160M, peak: 162M
current process commit charge ("private bytes"): 252M, peak: 253M

vm_info: OpenJDK 64-Bit Server VM (11.0.10+9) for windows-amd64 JRE (11.0.10+9), built on Jan 20 2021 06:07:07 by "" with MS VC++ 15.9 (VS2017)

END.
